# JRE version: Java(TM) SE Runtime Environment (17.0.12+8) (build 17.0.12+8-LTS-286)
# Java VM: Java HotSpot(TM) 64-Bit Server VM (17.0.12+8-LTS-286, mixed mode, sharing, tiered, compressed oops, compressed class ptrs, g1 gc, windows-amd64)
GC Precious Log:
 CPUs: 8 total, 8 available
 Memory: 16078M
 Large Page Support: Disabled
 NUMA Support: Disabled
 Compressed Oops: Enabled (Zero based)
 Heap Region Size: 2M
 Heap Min Capacity: 8M
 Heap Initial Capacity: 252M
 Heap Max Capacity: 4020M
 Pre-touch: Disabled
 Parallel Workers: 8
 Concurrent Workers: 2
 Concurrent Refinement Workers: 8
 Periodic GC: Disabled
Heap:
 garbage-first heap   total 258048K, used 33366K [0x0000000704c00000, 0x0000000800000000)
  region size 2048K, 14 young (28672K), 4 survivors (8192K)
 Metaspace       used 16076K, committed 16320K, reserved 1114112K
  class space    used 1966K, committed 2112K, reserved 1048576K
GC Heap History (10 events):
Event: 33.648 GC heap before
{Heap before GC invocations=0 (full 0):
 garbage-first heap   total 258048K, used 20480K [0x0000000704c00000, 0x0000000800000000)
  region size 2048K, 11 young (22528K), 0 survivors (0K)
 Metaspace       used 8665K, committed 8896K, reserved 1114112K
  class space    used 922K, committed 1024K, reserved 1048576K
}
Event: 33.652 GC heap after
{Heap after GC invocations=1 (full 0):
 garbage-first heap   total 258048K, used 3682K [0x0000000704c00000, 0x0000000800000000)
  region size 2048K, 2 young (4096K), 2 survivors (4096K)
 Metaspace       used 8665K, committed 8896K, reserved 1114112K
  class space    used 922K, committed 1024K, reserved 1048576K
}
Event: 122.156 GC heap before
{Heap before GC invocations=1 (full 0):
 garbage-first heap   total 258048K, used 36450K [0x0000000704c00000, 0x0000000800000000)
  region size 2048K, 16 young (32768K), 2 survivors (4096K)
 Metaspace       used 8769K, committed 8960K, reserved 1114112K
  class space    used 927K, committed 1024K, reserved 1048576K
}
Event: 122.159 GC heap after
{Heap after GC invocations=2 (full 0):
 garbage-first heap   total 258048K, used 8532K [0x0000000704c00000, 0x0000000800000000)
  region size 2048K, 1 young (2048K), 1 survivors (2048K)
 Metaspace       used 8769K, committed 8960K, reserved 1114112K
  class space    used 927K, committed 1024K, reserved 1048576K
}
Event: 126.706 GC heap before
{Heap before GC invocations=2 (full 0):
 garbage-first heap   total 258048K, used 160084K [0x0000000704c00000, 0x0000000800000000)
  region size 2048K, 75 young (153600K), 1 survivors (2048K)
 Metaspace       used 8774K, committed 8960K, reserved 1114112K
  class space    used 927K, committed 1024K, reserved 1048576K
}
Event: 126.707 GC heap after
{Heap after GC invocations=3 (full 0):
 garbage-first heap   total 258048K, used 8202K [0x0000000704c00000, 0x0000000800000000)
  region size 2048K, 1 young (2048K), 1 survivors (2048K)
 Metaspace       used 8774K, committed 8960K, reserved 1114112K
  class space    used 927K, committed 1024K, reserved 1048576K
}
Event: 130.025 GC heap before
{Heap before GC invocations=3 (full 0):
 garbage-first heap   total 258048K, used 159754K [0x0000000704c00000, 0x0000000800000000)
  region size 2048K, 75 young (153600K), 1 survivors (2048K)
 Metaspace       used 8774K, committed 8960K, reserved 1114112K
  class space    used 927K, committed 1024K, reserved 1048576K
}
Event: 130.026 GC heap after
{Heap after GC invocations=4 (full 0):
 garbage-first heap   total 258048K, used 8080K [0x0000000704c00000, 0x0000000800000000)
  region size 2048K, 1 young (2048K), 1 survivors (2048K)
 Metaspace       used 8774K, committed 8960K, reserved 1114112K
  class space    used 927K, committed 1024K, reserved 1048576K
}
Event: 133.863 GC heap before
{Heap before GC invocations=4 (full 0):
 garbage-first heap   total 258048K, used 163728K [0x0000000704c00000, 0x0000000800000000)
  region size 2048K, 75 young (153600K), 1 survivors (2048K)
 Metaspace       used 14223K, committed 14464K, reserved 1114112K
  class space    used 1751K, committed 1856K, reserved 1048576K
}
Event: 133.867 GC heap after
{Heap after GC invocations=5 (full 0):
 garbage-first heap   total 258048K, used 14934K [0x0000000704c00000, 0x0000000800000000)
  region size 2048K, 4 young (8192K), 4 survivors (8192K)
 Metaspace       used 14223K, committed 14464K, reserved 1114112K
  class space    used 1751K, committed 1856K, reserved 1048576K
}

