# JRE version: Java(TM) SE Runtime Environment (17.0.12+8) (build 17.0.12+8-LTS-286)
# Java VM: Java HotSpot(TM) 64-Bit Server VM (17.0.12+8-LTS-286, mixed mode, sharing, tiered, compressed oops, compressed class ptrs, g1 gc, windows-amd64)
GC Precious Log:
 CPUs: 8 total, 8 available
 Memory: 16078M
 Large Page Support: Disabled
 NUMA Support: Disabled
 Compressed Oops: Enabled (Zero based)
 Heap Region Size: 4M
 Heap Min Capacity: 8M
 Heap Initial Capacity: 252M
 Heap Max Capacity: 8G
 Pre-touch: Disabled
 Parallel Workers: 8
 Concurrent Workers: 2
 Concurrent Refinement Workers: 8
 Periodic GC: Disabled
Heap:
 garbage-first heap   total 1150976K, used 617316K [0x0000000600000000, 0x0000000800000000)
  region size 4096K, 102 young (417792K), 10 survivors (40960K)
 Metaspace       used 155087K, committed 155968K, reserved 1245184K
  class space    used 19354K, committed 19776K, reserved 1048576K
GC Heap History (20 events):
Event: 190.453 GC heap before
{Heap before GC invocations=99 (full 0):
 garbage-first heap   total 794624K, used 625911K [0x0000000600000000, 0x0000000800000000)
  region size 4096K, 116 young (475136K), 15 survivors (61440K)
 Metaspace       used 149406K, committed 150336K, reserved 1245184K
  class space    used 18691K, committed 19136K, reserved 1048576K
}
Event: 190.487 GC heap after
{Heap after GC invocations=100 (full 0):
 garbage-first heap   total 794624K, used 225769K [0x0000000600000000, 0x0000000800000000)
  region size 4096K, 3 young (12288K), 3 survivors (12288K)
 Metaspace       used 149406K, committed 150336K, reserved 1245184K
  class space    used 18691K, committed 19136K, reserved 1048576K
}
Event: 191.050 GC heap before
{Heap before GC invocations=100 (full 0):
 garbage-first heap   total 794624K, used 659945K [0x0000000600000000, 0x0000000800000000)
  region size 4096K, 110 young (450560K), 3 survivors (12288K)
 Metaspace       used 149445K, committed 150336K, reserved 1245184K
  class space    used 18691K, committed 19136K, reserved 1048576K
}
Event: 191.058 GC heap after
{Heap after GC invocations=101 (full 0):
 garbage-first heap   total 794624K, used 231654K [0x0000000600000000, 0x0000000800000000)
  region size 4096K, 4 young (16384K), 4 survivors (16384K)
 Metaspace       used 149445K, committed 150336K, reserved 1245184K
  class space    used 18691K, committed 19136K, reserved 1048576K
}
Event: 191.505 GC heap before
{Heap before GC invocations=101 (full 0):
 garbage-first heap   total 794624K, used 665830K [0x0000000600000000, 0x0000000800000000)
  region size 4096K, 110 young (450560K), 4 survivors (16384K)
 Metaspace       used 149486K, committed 150400K, reserved 1245184K
  class space    used 18692K, committed 19136K, reserved 1048576K
}
Event: 191.513 GC heap after
{Heap after GC invocations=102 (full 0):
 garbage-first heap   total 794624K, used 235676K [0x0000000600000000, 0x0000000800000000)
  region size 4096K, 5 young (20480K), 5 survivors (20480K)
 Metaspace       used 149486K, committed 150400K, reserved 1245184K
  class space    used 18692K, committed 19136K, reserved 1048576K
}
Event: 192.068 GC heap before
{Heap before GC invocations=102 (full 0):
 garbage-first heap   total 794624K, used 669852K [0x0000000600000000, 0x0000000800000000)
  region size 4096K, 112 young (458752K), 5 survivors (20480K)
 Metaspace       used 149502K, committed 150400K, reserved 1245184K
  class space    used 18692K, committed 19136K, reserved 1048576K
}
Event: 192.079 GC heap after
{Heap after GC invocations=103 (full 0):
 garbage-first heap   total 794624K, used 242775K [0x0000000600000000, 0x0000000800000000)
  region size 4096K, 7 young (28672K), 7 survivors (28672K)
 Metaspace       used 149502K, committed 150400K, reserved 1245184K
  class space    used 18692K, committed 19136K, reserved 1048576K
}
Event: 192.429 GC heap before
{Heap before GC invocations=103 (full 0):
 garbage-first heap   total 794624K, used 668759K [0x0000000600000000, 0x0000000800000000)
  region size 4096K, 111 young (454656K), 7 survivors (28672K)
 Metaspace       used 149517K, committed 150464K, reserved 1245184K
  class space    used 18694K, committed 19136K, reserved 1048576K
}
Event: 192.441 GC heap after
{Heap after GC invocations=104 (full 0):
 garbage-first heap   total 958464K, used 246952K [0x0000000600000000, 0x0000000800000000)
  region size 4096K, 8 young (32768K), 8 survivors (32768K)
 Metaspace       used 149517K, committed 150464K, reserved 1245184K
  class space    used 18694K, committed 19136K, reserved 1048576K
}
Event: 192.837 GC heap before
{Heap before GC invocations=104 (full 0):
 garbage-first heap   total 958464K, used 787624K [0x0000000600000000, 0x0000000800000000)
  region size 4096K, 140 young (573440K), 8 survivors (32768K)
 Metaspace       used 149517K, committed 150464K, reserved 1245184K
  class space    used 18694K, committed 19136K, reserved 1048576K
}
Event: 192.853 GC heap after
{Heap after GC invocations=105 (full 0):
 garbage-first heap   total 958464K, used 252134K [0x0000000600000000, 0x0000000800000000)
  region size 4096K, 9 young (36864K), 9 survivors (36864K)
 Metaspace       used 149517K, committed 150464K, reserved 1245184K
  class space    used 18694K, committed 19136K, reserved 1048576K
}
Event: 193.266 GC heap before
{Heap before GC invocations=105 (full 0):
 garbage-first heap   total 958464K, used 788710K [0x0000000600000000, 0x0000000800000000)
  region size 4096K, 140 young (573440K), 9 survivors (36864K)
 Metaspace       used 149526K, committed 150464K, reserved 1245184K
  class space    used 18694K, committed 19136K, reserved 1048576K
}
Event: 193.276 GC heap after
{Heap after GC invocations=106 (full 0):
 garbage-first heap   total 958464K, used 242881K [0x0000000600000000, 0x0000000800000000)
  region size 4096K, 7 young (28672K), 7 survivors (28672K)
 Metaspace       used 149526K, committed 150464K, reserved 1245184K
  class space    used 18694K, committed 19136K, reserved 1048576K
}
Event: 193.825 GC heap before
{Heap before GC invocations=106 (full 0):
 garbage-first heap   total 958464K, used 787649K [0x0000000600000000, 0x0000000800000000)
  region size 4096K, 140 young (573440K), 7 survivors (28672K)
 Metaspace       used 149533K, committed 150464K, reserved 1245184K
  class space    used 18695K, committed 19136K, reserved 1048576K
}
Event: 193.833 GC heap after
{Heap after GC invocations=107 (full 0):
 garbage-first heap   total 958464K, used 237592K [0x0000000600000000, 0x0000000800000000)
  region size 4096K, 6 young (24576K), 6 survivors (24576K)
 Metaspace       used 149533K, committed 150464K, reserved 1245184K
  class space    used 18695K, committed 19136K, reserved 1048576K
}
Event: 194.274 GC heap before
{Heap before GC invocations=107 (full 0):
 garbage-first heap   total 958464K, used 786456K [0x0000000600000000, 0x0000000800000000)
  region size 4096K, 140 young (573440K), 6 survivors (24576K)
 Metaspace       used 149540K, committed 150464K, reserved 1245184K
  class space    used 18695K, committed 19136K, reserved 1048576K
}
Event: 194.287 GC heap after
{Heap after GC invocations=108 (full 0):
 garbage-first heap   total 958464K, used 245531K [0x0000000600000000, 0x0000000800000000)
  region size 4096K, 8 young (32768K), 8 survivors (32768K)
 Metaspace       used 149540K, committed 150464K, reserved 1245184K
  class space    used 18695K, committed 19136K, reserved 1048576K
}
Event: 195.519 GC heap before
{Heap before GC invocations=108 (full 0):
 garbage-first heap   total 958464K, used 782107K [0x0000000600000000, 0x0000000800000000)
  region size 4096K, 140 young (573440K), 8 survivors (32768K)
 Metaspace       used 149582K, committed 150464K, reserved 1245184K
  class space    used 18698K, committed 19136K, reserved 1048576K
}
Event: 195.533 GC heap after
{Heap after GC invocations=109 (full 0):
 garbage-first heap   total 1150976K, used 244580K [0x0000000600000000, 0x0000000800000000)
  region size 4096K, 10 young (40960K), 10 survivors (40960K)
 Metaspace       used 149582K, committed 150464K, reserved 1245184K
  class space    used 18698K, committed 19136K, reserved 1048576K
}

